<testsuites id="" name="" tests="19" failures="0" skipped="0" errors="0" time="38.194641000000004">
<testsuite name="dashboard.spec.ts" timestamp="2026-01-01T10:23:01.897Z" hostname="chromium" tests="7" failures="0" skipped="0" time="10.617" errors="0">
<testcase name="数据统计Dashboard › 应该显示Dashboard概览" classname="dashboard.spec.ts" time="1.578">
</testcase>
<testcase name="数据统计Dashboard › 应该支持时间范围筛选" classname="dashboard.spec.ts" time="1.445">
</testcase>
<testcase name="数据统计Dashboard › 应该支持数据刷新" classname="dashboard.spec.ts" time="1.424">
</testcase>
<testcase name="数据统计Dashboard › 应该显示订单状态分布图" classname="dashboard.spec.ts" time="1.423">
</testcase>
<testcase name="数据统计Dashboard › 应该支持导出统计数据" classname="dashboard.spec.ts" time="1.396">
</testcase>
<testcase name="数据统计Dashboard › 应该显示实时订单通知" classname="dashboard.spec.ts" time="1.401">
</testcase>
<testcase name="数据统计Dashboard › 应该支持图表交互" classname="dashboard.spec.ts" time="1.95">
</testcase>
</testsuite>
<testsuite name="orders.spec.ts" timestamp="2026-01-01T10:23:01.897Z" hostname="chromium" tests="6" failures="0" skipped="0" time="13.634" errors="0">
<testcase name="订单管理流程 › 应该显示订单列表" classname="orders.spec.ts" time="1.891">
</testcase>
<testcase name="订单管理流程 › 应该支持订单状态筛选" classname="orders.spec.ts" time="3.014">
</testcase>
<testcase name="订单管理流程 › 应该支持查看订单详情" classname="orders.spec.ts" time="1.932">
</testcase>
<testcase name="订单管理流程 › 应该支持更新订单状态" classname="orders.spec.ts" time="1.936">
</testcase>
<testcase name="订单管理流程 › 应该支持订单分页" classname="orders.spec.ts" time="1.905">
</testcase>
<testcase name="订单管理流程 › 应该支持导出订单数据" classname="orders.spec.ts" time="2.956">
</testcase>
</testsuite>
<testsuite name="products.spec.ts" timestamp="2026-01-01T10:23:01.897Z" hostname="chromium" tests="6" failures="0" skipped="0" time="13.147" errors="0">
<testcase name="商品管理流程 › 应该显示商品列表" classname="products.spec.ts" time="1.904">
</testcase>
<testcase name="商品管理流程 › 应该支持添加新商品" classname="products.spec.ts" time="2.556">
</testcase>
<testcase name="商品管理流程 › 应该支持编辑商品" classname="products.spec.ts" time="2.489">
</testcase>
<testcase name="商品管理流程 › 应该支持上架/下架商品" classname="products.spec.ts" time="1.918">
</testcase>
<testcase name="商品管理流程 › 应该支持删除商品" classname="products.spec.ts" time="2.424">
</testcase>
<testcase name="商品管理流程 › 应该支持搜索商品" classname="products.spec.ts" time="1.856">
</testcase>
</testsuite>
</testsuites>