<testsuites id="" name="" tests="135" failures="0" skipped="135" errors="0" time="0.02565300000000002">
<testsuite name="dashboard.spec.ts" timestamp="2026-01-01T05:51:47.510Z" hostname="chromium" tests="7" failures="0" skipped="7" time="0" errors="0">
<testcase name="数据统计Dashboard › 应该显示Dashboard概览" classname="dashboard.spec.ts" time="0">
<skipped>
</skipped>
</testcase>
<testcase name="数据统计Dashboard › 应该支持时间范围筛选" classname="dashboard.spec.ts" time="0">
<skipped>
</skipped>
</testcase>
<testcase name="数据统计Dashboard › 应该支持数据刷新" classname="dashboard.spec.ts" time="0">
<skipped>
</skipped>
</testcase>
<testcase name="数据统计Dashboard › 应该显示订单状态分布图" classname="dashboard.spec.ts" time="0">
<skipped>
</skipped>
</testcase>
<testcase name="数据统计Dashboard › 应该支持导出统计数据" classname="dashboard.spec.ts" time="0">
<skipped>
</skipped>
</testcase>
<testcase name="数据统计Dashboard › 应该显示实时订单通知" classname="dashboard.spec.ts" time="0">
<skipped>
</skipped>
</testcase>
<testcase name="数据统计Dashboard › 应该支持图表交互" classname="dashboard.spec.ts" time="0">
<skipped>
</skipped>
</testcase>
</testsuite>
<testsuite name="login.spec.ts" timestamp="2026-01-01T05:51:47.510Z" hostname="chromium" tests="8" failures="0" skipped="8" time="0" errors="0">
<testcase name="管理员登录流程 › 应该显示登录表单" classname="login.spec.ts" time="0">
<skipped>
</skipped>
</testcase>
<testcase name="管理员登录流程 › 应该验证必填字段" classname="login.spec.ts" time="0">
<skipped>
</skipped>
</testcase>
<testcase name="管理员登录流程 › 应该在密码少于6位时显示验证错误" classname="login.spec.ts" time="0">
<skipped>
</skipped>
</testcase>
<testcase name="管理员登录流程 › 应该成功登录并跳转到Dashboard" classname="login.spec.ts" time="0">
<skipped>
</skipped>
</testcase>
<testcase name="管理员登录流程 › 应该在登录失败时显示错误消息" classname="login.spec.ts" time="0">
<skipped>
</skipped>
</testcase>
<testcase name="管理员登录流程 › 应该在登录过程中显示loading状态" classname="login.spec.ts" time="0">
<skipped>
</skipped>
</testcase>
<testcase name="管理员登录流程 › 应该在按回车键时触发登录" classname="login.spec.ts" time="0">
<skipped>
</skipped>
</testcase>
<testcase name="管理员登录流程 › 应该显示默认账号提示信息" classname="login.spec.ts" time="0">
<skipped>
</skipped>
</testcase>
</testsuite>
<testsuite name="orders.spec.ts" timestamp="2026-01-01T05:51:47.510Z" hostname="chromium" tests="6" failures="0" skipped="6" time="0" errors="0">
<testcase name="订单管理流程 › 应该显示订单列表" classname="orders.spec.ts" time="0">
<skipped>
</skipped>
</testcase>
<testcase name="订单管理流程 › 应该支持订单状态筛选" classname="orders.spec.ts" time="0">
<skipped>
</skipped>
</testcase>
<testcase name="订单管理流程 › 应该支持查看订单详情" classname="orders.spec.ts" time="0">
<skipped>
</skipped>
</testcase>
<testcase name="订单管理流程 › 应该支持更新订单状态" classname="orders.spec.ts" time="0">
<skipped>
</skipped>
</testcase>
<testcase name="订单管理流程 › 应该支持订单分页" classname="orders.spec.ts" time="0">
<skipped>
</skipped>
</testcase>
<testcase name="订单管理流程 › 应该支持导出订单数据" classname="orders.spec.ts" time="0">
<skipped>
</skipped>
</testcase>
</testsuite>
<testsuite name="products.spec.ts" timestamp="2026-01-01T05:51:47.510Z" hostname="chromium" tests="6" failures="0" skipped="6" time="0" errors="0">
<testcase name="商品管理流程 › 应该显示商品列表" classname="products.spec.ts" time="0">
<skipped>
</skipped>
</testcase>
<testcase name="商品管理流程 › 应该支持添加新商品" classname="products.spec.ts" time="0">
<skipped>
</skipped>
</testcase>
<testcase name="商品管理流程 › 应该支持编辑商品" classname="products.spec.ts" time="0">
<skipped>
</skipped>
</testcase>
<testcase name="商品管理流程 › 应该支持上架/下架商品" classname="products.spec.ts" time="0">
<skipped>
</skipped>
</testcase>
<testcase name="商品管理流程 › 应该支持删除商品" classname="products.spec.ts" time="0">
<skipped>
</skipped>
</testcase>
<testcase name="商品管理流程 › 应该支持搜索商品" classname="products.spec.ts" time="0">
<skipped>
</skipped>
</testcase>
</testsuite>
<testsuite name="dashboard.spec.ts" timestamp="2026-01-01T05:51:47.510Z" hostname="firefox" tests="7" failures="0" skipped="7" time="0" errors="0">
<testcase name="数据统计Dashboard › 应该显示Dashboard概览" classname="dashboard.spec.ts" time="0">
<skipped>
</skipped>
</testcase>
<testcase name="数据统计Dashboard › 应该支持时间范围筛选" classname="dashboard.spec.ts" time="0">
<skipped>
</skipped>
</testcase>
<testcase name="数据统计Dashboard › 应该支持数据刷新" classname="dashboard.spec.ts" time="0">
<skipped>
</skipped>
</testcase>
<testcase name="数据统计Dashboard › 应该显示订单状态分布图" classname="dashboard.spec.ts" time="0">
<skipped>
</skipped>
</testcase>
<testcase name="数据统计Dashboard › 应该支持导出统计数据" classname="dashboard.spec.ts" time="0">
<skipped>
</skipped>
</testcase>
<testcase name="数据统计Dashboard › 应该显示实时订单通知" classname="dashboard.spec.ts" time="0">
<skipped>
</skipped>
</testcase>
<testcase name="数据统计Dashboard › 应该支持图表交互" classname="dashboard.spec.ts" time="0">
<skipped>
</skipped>
</testcase>
</testsuite>
<testsuite name="login.spec.ts" timestamp="2026-01-01T05:51:47.510Z" hostname="firefox" tests="8" failures="0" skipped="8" time="0" errors="0">
<testcase name="管理员登录流程 › 应该显示登录表单" classname="login.spec.ts" time="0">
<skipped>
</skipped>
</testcase>
<testcase name="管理员登录流程 › 应该验证必填字段" classname="login.spec.ts" time="0">
<skipped>
</skipped>
</testcase>
<testcase name="管理员登录流程 › 应该在密码少于6位时显示验证错误" classname="login.spec.ts" time="0">
<skipped>
</skipped>
</testcase>
<testcase name="管理员登录流程 › 应该成功登录并跳转到Dashboard" classname="login.spec.ts" time="0">
<skipped>
</skipped>
</testcase>
<testcase name="管理员登录流程 › 应该在登录失败时显示错误消息" classname="login.spec.ts" time="0">
<skipped>
</skipped>
</testcase>
<testcase name="管理员登录流程 › 应该在登录过程中显示loading状态" classname="login.spec.ts" time="0">
<skipped>
</skipped>
</testcase>
<testcase name="管理员登录流程 › 应该在按回车键时触发登录" classname="login.spec.ts" time="0">
<skipped>
</skipped>
</testcase>
<testcase name="管理员登录流程 › 应该显示默认账号提示信息" classname="login.spec.ts" time="0">
<skipped>
</skipped>
</testcase>
</testsuite>
<testsuite name="orders.spec.ts" timestamp="2026-01-01T05:51:47.510Z" hostname="firefox" tests="6" failures="0" skipped="6" time="0" errors="0">
<testcase name="订单管理流程 › 应该显示订单列表" classname="orders.spec.ts" time="0">
<skipped>
</skipped>
</testcase>
<testcase name="订单管理流程 › 应该支持订单状态筛选" classname="orders.spec.ts" time="0">
<skipped>
</skipped>
</testcase>
<testcase name="订单管理流程 › 应该支持查看订单详情" classname="orders.spec.ts" time="0">
<skipped>
</skipped>
</testcase>
<testcase name="订单管理流程 › 应该支持更新订单状态" classname="orders.spec.ts" time="0">
<skipped>
</skipped>
</testcase>
<testcase name="订单管理流程 › 应该支持订单分页" classname="orders.spec.ts" time="0">
<skipped>
</skipped>
</testcase>
<testcase name="订单管理流程 › 应该支持导出订单数据" classname="orders.spec.ts" time="0">
<skipped>
</skipped>
</testcase>
</testsuite>
<testsuite name="products.spec.ts" timestamp="2026-01-01T05:51:47.510Z" hostname="firefox" tests="6" failures="0" skipped="6" time="0" errors="0">
<testcase name="商品管理流程 › 应该显示商品列表" classname="products.spec.ts" time="0">
<skipped>
</skipped>
</testcase>
<testcase name="商品管理流程 › 应该支持添加新商品" classname="products.spec.ts" time="0">
<skipped>
</skipped>
</testcase>
<testcase name="商品管理流程 › 应该支持编辑商品" classname="products.spec.ts" time="0">
<skipped>
</skipped>
</testcase>
<testcase name="商品管理流程 › 应该支持上架/下架商品" classname="products.spec.ts" time="0">
<skipped>
</skipped>
</testcase>
<testcase name="商品管理流程 › 应该支持删除商品" classname="products.spec.ts" time="0">
<skipped>
</skipped>
</testcase>
<testcase name="商品管理流程 › 应该支持搜索商品" classname="products.spec.ts" time="0">
<skipped>
</skipped>
</testcase>
</testsuite>
<testsuite name="dashboard.spec.ts" timestamp="2026-01-01T05:51:47.510Z" hostname="webkit" tests="7" failures="0" skipped="7" time="0" errors="0">
<testcase name="数据统计Dashboard › 应该显示Dashboard概览" classname="dashboard.spec.ts" time="0">
<skipped>
</skipped>
</testcase>
<testcase name="数据统计Dashboard › 应该支持时间范围筛选" classname="dashboard.spec.ts" time="0">
<skipped>
</skipped>
</testcase>
<testcase name="数据统计Dashboard › 应该支持数据刷新" classname="dashboard.spec.ts" time="0">
<skipped>
</skipped>
</testcase>
<testcase name="数据统计Dashboard › 应该显示订单状态分布图" classname="dashboard.spec.ts" time="0">
<skipped>
</skipped>
</testcase>
<testcase name="数据统计Dashboard › 应该支持导出统计数据" classname="dashboard.spec.ts" time="0">
<skipped>
</skipped>
</testcase>
<testcase name="数据统计Dashboard › 应该显示实时订单通知" classname="dashboard.spec.ts" time="0">
<skipped>
</skipped>
</testcase>
<testcase name="数据统计Dashboard › 应该支持图表交互" classname="dashboard.spec.ts" time="0">
<skipped>
</skipped>
</testcase>
</testsuite>
<testsuite name="login.spec.ts" timestamp="2026-01-01T05:51:47.510Z" hostname="webkit" tests="8" failures="0" skipped="8" time="0" errors="0">
<testcase name="管理员登录流程 › 应该显示登录表单" classname="login.spec.ts" time="0">
<skipped>
</skipped>
</testcase>
<testcase name="管理员登录流程 › 应该验证必填字段" classname="login.spec.ts" time="0">
<skipped>
</skipped>
</testcase>
<testcase name="管理员登录流程 › 应该在密码少于6位时显示验证错误" classname="login.spec.ts" time="0">
<skipped>
</skipped>
</testcase>
<testcase name="管理员登录流程 › 应该成功登录并跳转到Dashboard" classname="login.spec.ts" time="0">
<skipped>
</skipped>
</testcase>
<testcase name="管理员登录流程 › 应该在登录失败时显示错误消息" classname="login.spec.ts" time="0">
<skipped>
</skipped>
</testcase>
<testcase name="管理员登录流程 › 应该在登录过程中显示loading状态" classname="login.spec.ts" time="0">
<skipped>
</skipped>
</testcase>
<testcase name="管理员登录流程 › 应该在按回车键时触发登录" classname="login.spec.ts" time="0">
<skipped>
</skipped>
</testcase>
<testcase name="管理员登录流程 › 应该显示默认账号提示信息" classname="login.spec.ts" time="0">
<skipped>
</skipped>
</testcase>
</testsuite>
<testsuite name="orders.spec.ts" timestamp="2026-01-01T05:51:47.510Z" hostname="webkit" tests="6" failures="0" skipped="6" time="0" errors="0">
<testcase name="订单管理流程 › 应该显示订单列表" classname="orders.spec.ts" time="0">
<skipped>
</skipped>
</testcase>
<testcase name="订单管理流程 › 应该支持订单状态筛选" classname="orders.spec.ts" time="0">
<skipped>
</skipped>
</testcase>
<testcase name="订单管理流程 › 应该支持查看订单详情" classname="orders.spec.ts" time="0">
<skipped>
</skipped>
</testcase>
<testcase name="订单管理流程 › 应该支持更新订单状态" classname="orders.spec.ts" time="0">
<skipped>
</skipped>
</testcase>
<testcase name="订单管理流程 › 应该支持订单分页" classname="orders.spec.ts" time="0">
<skipped>
</skipped>
</testcase>
<testcase name="订单管理流程 › 应该支持导出订单数据" classname="orders.spec.ts" time="0">
<skipped>
</skipped>
</testcase>
</testsuite>
<testsuite name="products.spec.ts" timestamp="2026-01-01T05:51:47.510Z" hostname="webkit" tests="6" failures="0" skipped="6" time="0" errors="0">
<testcase name="商品管理流程 › 应该显示商品列表" classname="products.spec.ts" time="0">
<skipped>
</skipped>
</testcase>
<testcase name="商品管理流程 › 应该支持添加新商品" classname="products.spec.ts" time="0">
<skipped>
</skipped>
</testcase>
<testcase name="商品管理流程 › 应该支持编辑商品" classname="products.spec.ts" time="0">
<skipped>
</skipped>
</testcase>
<testcase name="商品管理流程 › 应该支持上架/下架商品" classname="products.spec.ts" time="0">
<skipped>
</skipped>
</testcase>
<testcase name="商品管理流程 › 应该支持删除商品" classname="products.spec.ts" time="0">
<skipped>
</skipped>
</testcase>
<testcase name="商品管理流程 › 应该支持搜索商品" classname="products.spec.ts" time="0">
<skipped>
</skipped>
</testcase>
</testsuite>
<testsuite name="dashboard.spec.ts" timestamp="2026-01-01T05:51:47.510Z" hostname="Mobile Chrome" tests="7" failures="0" skipped="7" time="0" errors="0">
<testcase name="数据统计Dashboard › 应该显示Dashboard概览" classname="dashboard.spec.ts" time="0">
<skipped>
</skipped>
</testcase>
<testcase name="数据统计Dashboard › 应该支持时间范围筛选" classname="dashboard.spec.ts" time="0">
<skipped>
</skipped>
</testcase>
<testcase name="数据统计Dashboard › 应该支持数据刷新" classname="dashboard.spec.ts" time="0">
<skipped>
</skipped>
</testcase>
<testcase name="数据统计Dashboard › 应该显示订单状态分布图" classname="dashboard.spec.ts" time="0">
<skipped>
</skipped>
</testcase>
<testcase name="数据统计Dashboard › 应该支持导出统计数据" classname="dashboard.spec.ts" time="0">
<skipped>
</skipped>
</testcase>
<testcase name="数据统计Dashboard › 应该显示实时订单通知" classname="dashboard.spec.ts" time="0">
<skipped>
</skipped>
</testcase>
<testcase name="数据统计Dashboard › 应该支持图表交互" classname="dashboard.spec.ts" time="0">
<skipped>
</skipped>
</testcase>
</testsuite>
<testsuite name="login.spec.ts" timestamp="2026-01-01T05:51:47.510Z" hostname="Mobile Chrome" tests="8" failures="0" skipped="8" time="0" errors="0">
<testcase name="管理员登录流程 › 应该显示登录表单" classname="login.spec.ts" time="0">
<skipped>
</skipped>
</testcase>
<testcase name="管理员登录流程 › 应该验证必填字段" classname="login.spec.ts" time="0">
<skipped>
</skipped>
</testcase>
<testcase name="管理员登录流程 › 应该在密码少于6位时显示验证错误" classname="login.spec.ts" time="0">
<skipped>
</skipped>
</testcase>
<testcase name="管理员登录流程 › 应该成功登录并跳转到Dashboard" classname="login.spec.ts" time="0">
<skipped>
</skipped>
</testcase>
<testcase name="管理员登录流程 › 应该在登录失败时显示错误消息" classname="login.spec.ts" time="0">
<skipped>
</skipped>
</testcase>
<testcase name="管理员登录流程 › 应该在登录过程中显示loading状态" classname="login.spec.ts" time="0">
<skipped>
</skipped>
</testcase>
<testcase name="管理员登录流程 › 应该在按回车键时触发登录" classname="login.spec.ts" time="0">
<skipped>
</skipped>
</testcase>
<testcase name="管理员登录流程 › 应该显示默认账号提示信息" classname="login.spec.ts" time="0">
<skipped>
</skipped>
</testcase>
</testsuite>
<testsuite name="orders.spec.ts" timestamp="2026-01-01T05:51:47.510Z" hostname="Mobile Chrome" tests="6" failures="0" skipped="6" time="0" errors="0">
<testcase name="订单管理流程 › 应该显示订单列表" classname="orders.spec.ts" time="0">
<skipped>
</skipped>
</testcase>
<testcase name="订单管理流程 › 应该支持订单状态筛选" classname="orders.spec.ts" time="0">
<skipped>
</skipped>
</testcase>
<testcase name="订单管理流程 › 应该支持查看订单详情" classname="orders.spec.ts" time="0">
<skipped>
</skipped>
</testcase>
<testcase name="订单管理流程 › 应该支持更新订单状态" classname="orders.spec.ts" time="0">
<skipped>
</skipped>
</testcase>
<testcase name="订单管理流程 › 应该支持订单分页" classname="orders.spec.ts" time="0">
<skipped>
</skipped>
</testcase>
<testcase name="订单管理流程 › 应该支持导出订单数据" classname="orders.spec.ts" time="0">
<skipped>
</skipped>
</testcase>
</testsuite>
<testsuite name="products.spec.ts" timestamp="2026-01-01T05:51:47.510Z" hostname="Mobile Chrome" tests="6" failures="0" skipped="6" time="0" errors="0">
<testcase name="商品管理流程 › 应该显示商品列表" classname="products.spec.ts" time="0">
<skipped>
</skipped>
</testcase>
<testcase name="商品管理流程 › 应该支持添加新商品" classname="products.spec.ts" time="0">
<skipped>
</skipped>
</testcase>
<testcase name="商品管理流程 › 应该支持编辑商品" classname="products.spec.ts" time="0">
<skipped>
</skipped>
</testcase>
<testcase name="商品管理流程 › 应该支持上架/下架商品" classname="products.spec.ts" time="0">
<skipped>
</skipped>
</testcase>
<testcase name="商品管理流程 › 应该支持删除商品" classname="products.spec.ts" time="0">
<skipped>
</skipped>
</testcase>
<testcase name="商品管理流程 › 应该支持搜索商品" classname="products.spec.ts" time="0">
<skipped>
</skipped>
</testcase>
</testsuite>
<testsuite name="dashboard.spec.ts" timestamp="2026-01-01T05:51:47.510Z" hostname="Mobile Safari" tests="7" failures="0" skipped="7" time="0" errors="0">
<testcase name="数据统计Dashboard › 应该显示Dashboard概览" classname="dashboard.spec.ts" time="0">
<skipped>
</skipped>
</testcase>
<testcase name="数据统计Dashboard › 应该支持时间范围筛选" classname="dashboard.spec.ts" time="0">
<skipped>
</skipped>
</testcase>
<testcase name="数据统计Dashboard › 应该支持数据刷新" classname="dashboard.spec.ts" time="0">
<skipped>
</skipped>
</testcase>
<testcase name="数据统计Dashboard › 应该显示订单状态分布图" classname="dashboard.spec.ts" time="0">
<skipped>
</skipped>
</testcase>
<testcase name="数据统计Dashboard › 应该支持导出统计数据" classname="dashboard.spec.ts" time="0">
<skipped>
</skipped>
</testcase>
<testcase name="数据统计Dashboard › 应该显示实时订单通知" classname="dashboard.spec.ts" time="0">
<skipped>
</skipped>
</testcase>
<testcase name="数据统计Dashboard › 应该支持图表交互" classname="dashboard.spec.ts" time="0">
<skipped>
</skipped>
</testcase>
</testsuite>
<testsuite name="login.spec.ts" timestamp="2026-01-01T05:51:47.510Z" hostname="Mobile Safari" tests="8" failures="0" skipped="8" time="0" errors="0">
<testcase name="管理员登录流程 › 应该显示登录表单" classname="login.spec.ts" time="0">
<skipped>
</skipped>
</testcase>
<testcase name="管理员登录流程 › 应该验证必填字段" classname="login.spec.ts" time="0">
<skipped>
</skipped>
</testcase>
<testcase name="管理员登录流程 › 应该在密码少于6位时显示验证错误" classname="login.spec.ts" time="0">
<skipped>
</skipped>
</testcase>
<testcase name="管理员登录流程 › 应该成功登录并跳转到Dashboard" classname="login.spec.ts" time="0">
<skipped>
</skipped>
</testcase>
<testcase name="管理员登录流程 › 应该在登录失败时显示错误消息" classname="login.spec.ts" time="0">
<skipped>
</skipped>
</testcase>
<testcase name="管理员登录流程 › 应该在登录过程中显示loading状态" classname="login.spec.ts" time="0">
<skipped>
</skipped>
</testcase>
<testcase name="管理员登录流程 › 应该在按回车键时触发登录" classname="login.spec.ts" time="0">
<skipped>
</skipped>
</testcase>
<testcase name="管理员登录流程 › 应该显示默认账号提示信息" classname="login.spec.ts" time="0">
<skipped>
</skipped>
</testcase>
</testsuite>
<testsuite name="orders.spec.ts" timestamp="2026-01-01T05:51:47.510Z" hostname="Mobile Safari" tests="6" failures="0" skipped="6" time="0" errors="0">
<testcase name="订单管理流程 › 应该显示订单列表" classname="orders.spec.ts" time="0">
<skipped>
</skipped>
</testcase>
<testcase name="订单管理流程 › 应该支持订单状态筛选" classname="orders.spec.ts" time="0">
<skipped>
</skipped>
</testcase>
<testcase name="订单管理流程 › 应该支持查看订单详情" classname="orders.spec.ts" time="0">
<skipped>
</skipped>
</testcase>
<testcase name="订单管理流程 › 应该支持更新订单状态" classname="orders.spec.ts" time="0">
<skipped>
</skipped>
</testcase>
<testcase name="订单管理流程 › 应该支持订单分页" classname="orders.spec.ts" time="0">
<skipped>
</skipped>
</testcase>
<testcase name="订单管理流程 › 应该支持导出订单数据" classname="orders.spec.ts" time="0">
<skipped>
</skipped>
</testcase>
</testsuite>
<testsuite name="products.spec.ts" timestamp="2026-01-01T05:51:47.510Z" hostname="Mobile Safari" tests="6" failures="0" skipped="6" time="0" errors="0">
<testcase name="商品管理流程 › 应该显示商品列表" classname="products.spec.ts" time="0">
<skipped>
</skipped>
</testcase>
<testcase name="商品管理流程 › 应该支持添加新商品" classname="products.spec.ts" time="0">
<skipped>
</skipped>
</testcase>
<testcase name="商品管理流程 › 应该支持编辑商品" classname="products.spec.ts" time="0">
<skipped>
</skipped>
</testcase>
<testcase name="商品管理流程 › 应该支持上架/下架商品" classname="products.spec.ts" time="0">
<skipped>
</skipped>
</testcase>
<testcase name="商品管理流程 › 应该支持删除商品" classname="products.spec.ts" time="0">
<skipped>
</skipped>
</testcase>
<testcase name="商品管理流程 › 应该支持搜索商品" classname="products.spec.ts" time="0">
<skipped>
</skipped>
</testcase>
</testsuite>
</testsuites>